<?xml version="1.0" encoding="UTF-8"?>
<testsuite xmlns:xsi="http://www.w3.org/2001/XMLSchema-instance" xsi:noNamespaceSchemaLocation="https://maven.apache.org/surefire/maven-surefire-plugin/xsd/surefire-test-report.xsd" name="CreditCardApplicationFlowTest" time="439.481" tests="20" errors="0" skipped="0" failures="0">
  <properties>
[...]
</properties>
  <testcase name="createApplication" classname="CreditCardApplicationFlowTest" time="18.22"/>
  <testcase name="submitApplication" classname="CreditCardApplicationFlowTest" time="23.394"/>
  <testcase name="startVerificationTask" classname="CreditCardApplicationFlowTest" time="16.345"/>
  <testcase name="submitVerificationTask" classname="CreditCardApplicationFlowTest" time="29.363"/>
  <testcase name="startPepControleTask" classname="CreditCardApplicationFlowTest" time="17.762"/>
  <testcase name="submitPepControleTask" classname="CreditCardApplicationFlowTest" time="23.808"/>
  <testcase name="startEmploymentVerificationTask" classname="CreditCardApplicationFlowTest" time="16.732"/>
  <testcase name="submitEmploymentVerificationTask" classname="CreditCardApplicationFlowTest" time="23.37"/>
  <testcase name="startCreditCheckTask" classname="CreditCardApplicationFlowTest" time="16.47"/>
  <testcase name="submitCreditCheckTask" classname="CreditCardApplicationFlowTest" time="30.243"/>
  <testcase name="startCheckForNegativeNewsTask" classname="CreditCardApplicationFlowTest" time="16.464"/>
  <testcase name="submitCheckForNegativeNewsTask" classname="CreditCardApplicationFlowTest" time="23.769"/>
  <testcase name="startCheckForCompanyOwnershipTask" classname="CreditCardApplicationFlowTest" time="15.821"/>
  <testcase name="submitCheckForCompanyOwnershipTask" classname="CreditCardApplicationFlowTest" time="24.437"/>
  <testcase name="startCheckForLawsuitsTask" classname="CreditCardApplicationFlowTest" time="17.036"/>
  <testcase name="submitCheckForLawsuitsTask" classname="CreditCardApplicationFlowTest" time="27.225"/>
  <testcase name="startApplicationEvaluationTask" classname="CreditCardApplicationFlowTest" time="18.54"/>
  <testcase name="submitApplicationEvaluationTask" classname="CreditCardApplicationFlowTest" time="25.891"/>
  <testcase name="startGenerateAgreementTask" classname="CreditCardApplicationFlowTest" time="16.148"/>
  <testcase name="submitGenerateAgreementTask" classname="CreditCardApplicationFlowTest" time="30.453"/>
</testsuite>